non-poisson disk excpected source count =  1.853374578776266
non-poisson disk excpected source count =  1.853374578776266
non-poisson disk excpected source count =  1.8533745787762563
non-poisson disk excpected source count =  1.8533745787762563
non-poisson disk excpected source count =  1.8533745787762563
non-poisson disk excpected source count =  1.8533745787762563
non-poisson disk excpected source count =  1.8533745787762563
non-poisson disk excpected source count =  1.8533745787762563
non-poisson disk excpected source count =  1.8533745787762563
non-poisson disk excpected source count =  1.8533745787762563
non-poisson disk excpected source count =  1.8533745787762563
non-poisson disk excpected source count =  1.8533745787762563
non-poisson disk excpected source count =  1.8533745787762563
non-poisson disk excpected source count =  1.8533745787762563
non-poisson disk excpected source count =  1.8533745787762563
non-poisson disk excpected source count =  1.8533745787762563
non-poisson disk excpected source count =  1.8533745787762563
non-poisson disk excpected source count =  1.8533745787762563
non-poisson disk excpected source count =  1.8533745787762563
non-poisson disk excpected source count =  1.8533745787762563
non-poisson disk excpected source count =  1.8533745787762563
non-poisson disk excpected source count =  1.8533745787762563
non-poisson disk excpected source count =  1.8533745787762563
non-poisson disk excpected source count =  1.8533745787762563
non-poisson disk excpected source count =  1.8533745787762563
non-poisson disk excpected source count =  1.8533745787762563
non-poisson disk excpected source count =  1.8533745787762563
non-poisson disk excpected source count =  1.8533745787762563
non-poisson disk excpected source count =  1.8533745787762563
non-poisson disk excpected source count =  1.8533745787762563
non-poisson disk excpected source count =  1.8533745787762563
non-poisson disk excpected source count =  1.8533745787762563
non-poisson disk excpected source count =  1.8533745787762563
non-poisson disk excpected source count =  1.8533745787762563
non-poisson disk excpected source count =  1.8533745787762563
non-poisson disk excpected source count =  1.8533745787762563
non-poisson disk excpected source count =  1.8533745787762563
non-poisson disk excpected source count =  1.8533745787762563
non-poisson disk excpected source count =  1.8533745787762563
non-poisson disk excpected source count =  1.8533745787762563
non-poisson disk excpected source count =  1.8533745787762563
non-poisson disk excpected source count =  1.8533745787762563
non-poisson disk excpected source count =  1.8533745787762563
non-poisson disk excpected source count =  1.8533745787762563
non-poisson disk excpected source count =  1.8533745787762563non-poisson disk excpected source count =  1.853374578776266
3
non-poisson disk excpected source count =  1.853374578776266
non-poisson disk excpected source count =  1.853374578776266
non-poisson disk excpected source count =  1.853374578776266
non-poisson disk excpected source count =  1.853374578776266
non-poisson disk excpected source count =  1.853374578776266
non-poisson disk excpected source count =  1.853374578776266
non-poisson disk excpected source count =  1.853374578776266

non-poisson disk excpected source count =  1.8533745787762563
non-poisson disk excpected source count =  1.8533745787762563
non-poisson disk excpected source count =  1.8533745787762563
non-poisson disk excpected source count =  1.8533745787762563
non-poisson disk excpected source count =  1.8533745787762563
non-poisson disk excpected source count =  1.8533745787762563
non-poisson disk excpected source count =  1.8533745787762563
non-poisson disk excpected source count =  1.8533745787762563
non-poisson disk excpected source count =  1.8533745787762563
non-poisson disk excpected source count =  1.8533745787762563
non-poisson disk excpected source count =  1.8533745787762563
non-poisson disk excpected source count =  1.8533745787762563
non-poisson disk excpected source count =  1.8533745787762563
non-poisson disk excpected source count =  1.8533745787762563
non-poisson disk excpected source count =  1.8533745787762563
non-poisson disk excpected source count =  1.8533745787762563
non-poisson disk excpected source count =  1.8533745787762563
non-poisson disk excpected source count =  1.8533745787762563
non-poisson disk excpected source count =  1.8533745787762563
non-poisson disk excpected source count =  1.8533745787762563
non-poisson disk excpected source count =  1.8533745787762563
non-poisson disk excpected source count =  1.8533745787762563
non-poisson disk excpected source count =  1.8533745787762563
non-poisson disk excpected source count =  1.8533745787762563
non-poisson disk excpected source count =  1.8533745787762563
non-poisson disk excpected source count =  1.8533745787762563
non-poisson disk excpected source count =  1.8533745787762563
non-poisson disk excpected source count =  1.8533745787762563
non-poisson disk excpected source count =  1.8533745787762563
non-poisson disk excpected source count =  1.8533745787762563
non-poisson disk excpected source count =  1.8533745787762563
non-poisson disk excpected source count =  1.8533745787762563
non-poisson disk excpected source count =  1.8533745787762563
non-poisson disk excpected source count =  1.8533745787762563
non-poisson disk excpected source count =  1.8533745787762563
non-poisson disk excpected source count =  1.8533745787762563
non-poisson disk excpected source count =  1.853374578776266
non-poisson disk excpected source count =  1.853374578776266
non-poisson disk excpected source count =  1.853374578776266
non-poisson disk excpected source count =  1.853374578776266
non-poisson disk excpected source count =  1.853374578776266
non-poisson disk excpected source count =  1.853374578776266
non-poisson disk excpected source count =  1.853374578776266
non-poisson disk excpected source count =  1.853374578776266
non-poisson disk excpected source count =  1.853374578776266
non-poisson disk excpected source count =  1.853374578776266
non-poisson disk excpected source count =  1.853374578776266
non-poisson disk excpected source count =  1.853374578776266
non-poisson disk excpected source count =  1.853374578776266
non-poisson disk excpected source count =  1.853374578776266
non-poisson disk excpected source count =  1.853374578776266
non-poisson disk excpected source count =  1.853374578776266
non-poisson disk excpected source count =  1.853374578776266
non-poisson disk excpected source count =  1.853374578776266
non-poisson disk excpected source count =  1.853374578776266
non-poisson disk excpected source count =  1.853374578776266
non-poisson disk excpected source count =  1.853374578776266
non-poisson disk excpected source count =  1.853374578776266
non-poisson disk excpected source count =  1.853374578776266
non-poisson disk excpected source count =  1.853374578776266
non-poisson disk excpected source count =  1.853374578776266
non-poisson disk excpected source count =  1.853374578776266
non-poisson disk excpected source count =  1.853374578776266
non-poisson disk excpected source count =  1.853374578776266
non-poisson disk excpected source count =  1.853374578776266
non-poisson disk excpected source count =  1.853374578776266
non-poisson disk excpected source count =  1.853374578776266
non-poisson disk excpected source count =  1.853374578776266
non-poisson disk excpected source count =  1.853374578776266
non-poisson disk excpected source count =  1.8533745787762563
non-poisson disk excpected source count =  1.8533745787762563
non-poisson disk excpected source count =  1.8533745787762563
non-poisson disk excpected source count =  1.8533745787762563
non-poisson disk excpected source count =  1.8533745787762563
non-poisson disk excpected source count =  1.8533745787762563
non-poisson disk excpected source count =  1.8533745787762563
non-poisson disk excpected source count =  1.8533745787762563
non-poisson disk excpected source count =  1.8533745787762563
non-poisson disk excpected source count =  1.8533745787762563
non-poisson disk excpected source count =  1.8533745787762563
non-poisson disk excpected source count =  1.8533745787762563
non-poisson disk excpected source count =  1.8533745787762563
non-poisson disk excpected source count =  1.8533745787762563
non-poisson disk excpected source count =  1.8533745787762563
non-poisson disk excpected source count =  1.8533745787762563
non-poisson disk excpected source count =  1.8533745787762563
non-poisson disk excpected source count =  1.8533745787762563
non-poisson disk excpected source count =  1.8533745787762563
non-poisson disk excpected source count =  1.8533745787762563
non-poisson disk excpected source count =  1.8533745787762563
non-poisson disk excpected source count =  1.8533745787762563
non-poisson disk excpected source count =  1.8533745787762563
non-poisson disk excpected source count =  1.8533745787762563
non-poisson disk excpected source count =  1.8533745787762563
non-poisson disk excpected source count =  1.8533745787762563
non-poisson disk excpected source count =  1.8533745787762563
non-poisson disk excpected source count =  1.8533745787762563
non-poisson disk excpected source count =  1.8533745787762563
non-poisson disk excpected source count =  1.8533745787762563
non-poisson disk excpected source count =  1.8533745787762563
non-poisson disk excpected source count =  1.8533745787762563
non-poisson disk excpected source count =  1.8533745787762563
non-poisson disk excpected source count =  1.8533745787762563
non-poisson disk excpected source count =  1.8533745787762563
non-poisson disk excpected source count =  1.8533745787762563
non-poisson disk excpected source count =  1.8533745787762563
non-poisson disk excpected source count =  1.8533745787762563
non-poisson disk excpected source count =  1.8533745787762563
non-poisson disk excpected source count =  1.8533745787762563
non-poisson disk excpected source count =  1.8533745787762563
non-poisson disk excpected source count =  1.8533745787762563
non-poisson disk excpected source count =  1.8533745787762563
non-poisson disk excpected source count =  1.8533745787762563
non-poisson disk excpected source count =  1.8533745787762563
non-poisson disk excpected source count =  1.8533745787762563
non-poisson disk excpected source count =  1.8533745787762563
non-poisson disk excpected source count =  1.8533745787762563
non-poisson disk excpected source count =  1.8533745787762563
non-poisson disk excpected source count =  1.8533745787762563
non-poisson disk excpected source count =  1.8533745787762563
non-poisson disk excpected source count =  1.8533745787762563
non-poisson disk excpected source count =  1.8533745787762563
non-poisson disk excpected source count =  1.8533745787762563
non-poisson disk excpected source count =  1.8533745787762563
non-poisson disk excpected source count =  1.8533745787762563
non-poisson disk excpected source count =  1.8533745787762563
non-poisson disk excpected source count =  1.853374578776266
non-poisson disk excpected source count =  1.853374578776266
non-poisson disk excpected source count =  1.853374578776266
non-poisson disk excpected source count =  1.853374578776266
non-poisson disk excpected source count =  1.853374578776266
non-poisson disk excpected source count =  1.853374578776266
non-poisson disk excpected source count =  1.853374578776266
non-poisson disk excpected source count =  1.853374578776266
non-poisson disk excpected source count =  1.853374578776266
non-poisson disk excpected source count =  1.853374578776266
non-poisson disk excpected source count =  1.853374578776266
non-poisson disk excpected source count =  1.853374578776266
non-poisson disk excpected source count =  1.853374578776266
non-poisson disk excpected source count =  1.853374578776266
non-poisson disk excpected source count =  1.853374578776266

non-poisson disk excpected source count =  1.8533745787762563
non-poisson disk excpected source count =  1.8533745787762563
non-poisson disk excpected source count =  1.8533745787762563
non-poisson disk excpected source count =  1.8533745787762563
non-poisson disk excpected source count =  1.8533745787762563
non-poisson disk excpected source count =  1.8533745787762563
non-poisson disk excpected source count =  1.8533745787762563
non-poisson disk excpected source count =  1.8533745787762563
non-poisson disk excpected source count =  1.8533745787762563
non-poisson disk excpected source count =  1.8533745787762563
non-poisson disk excpected source count =  1.8533745787762563
non-poisson disk excpected source count =  1.8533745787762563
non-poisson disk excpected source count =  1.8533745787762563
non-poisson disk excpected source count =  1.8533745787762563
non-poisson disk excpected source count =  1.8533745787762563
non-poisson disk excpected source count =  1.8533745787762563
non-poisson disk excpected source count =  1.8533745787762563
non-poisson disk excpected source count =  1.8533745787762563
non-poisson disk excpected source count =  1.8533745787762563
non-poisson disk excpected source count =  1.8533745787762563
non-poisson disk excpected source count =  1.8533745787762563
non-poisson disk excpected source count =  1.8533745787762563
non-poisson disk excpected source count =  1.8533745787762563
non-poisson disk excpected source count =  1.8533745787762563
non-poisson disk excpected source count =  1.8533745787762563
non-poisson disk excpected source count =  1.8533745787762563
on-poisson disk excpected source count =  1.853374578776266
non-poisson disk excpected source count =  1.853374578776266
non-poisson disk excpected source count =  1.853374578776266
non-poisson disk excpected source count =  1.853374578776266
non-poisson disk excpected source count =  1.853374578776266
non-poisson disk excpected source count =  1.853374578776266
non-poisson disk excpected source count =  1.853374578776266
non-poisson disk excpected source count =  1.853374578776266
non-poisson disk excpected source count =  1.853374578776266
non-poisson disk excpected source count =  1.853374578776266
non-poisson disk excpected source count =  1.853374578776266
non-poisson disk excpected source count =  1.853374578776266
non-poisson disk excpected source count =  1.853374578776266
non-poisson disk excpected source count =  1.853374578776266
non-poisson disk excpected source count =  1.853374578776266

non-poisson disk excpected source count =  1.8533745787762563
non-poisson disk excpected source count =  1.8533745787762563
non-poisson disk excpected source count =  1.8533745787762563
non-poisson disk excpected source count =  1.8533745787762563
non-poisson disk excpected source count =  1.8533745787762563
non-poisson disk excpected source count =  1.8533745787762563
non-poisson disk excpected source count =  1.8533745787762563
non-poisson disk excpected source count =  1.8533745787762563
non-poisson disk excpected source count =  1.8533745787762563
non-poisson disk excpected source count =  1.8533745787762563
non-poisson disk excpected source count =  1.8533745787762563
non-poisson disk excpected source count =  1.8533745787762563
non-poisson disk excpected source count =  1.8533745787762563
non-poisson disk excpected source count =  1.8533745787762563
non-poisson disk excpected source count =  1.8533745787762563
non-poisson disk excpected source count =  1.8533745787762563
non-poisson disk excpected source count =  1.8533745787762563
on-poisson disk excpected source count =  1.853374578776266
non-poisson disk excpected source count =  1.8533745787762563
non-poisson disk excpected source count =  1.853374578776256nonon-poisson disk excpected source count =  1.85337457877625non-poisson disk excpected source count =  1.853374578776266
563
non-poisson disk excpected source count =  1.853374578776266
non-poisson disk excpected source count =  1.853374578776266
non-poisson disk excpected source count =  1.853374578776266
non-poisson disk excpected source count =  1.853374578776266
non-poisson disk excpected source count =  1.853374578776266
non-poisson disk excpected source count =  1.853374578776266
non-poisson disk excpected source count =  1.853374578776266
non-poisson disk excpected source count =  1.853374578776266
non-poisson disk excpected source count =  1.853374578776266
non-poisson disk excpected source count =  1.8533745787762563
non-poisson disk excpected source count =  1.8533745787762563
non-poisson disk excpected source count =  1.8533745787762563
non-poisson disk excpected source count =  1.8533745787762563
non-poisson disk excpected source count =  1.8533745787762563
non-poisson disk excpected source count =  1.8533745787762563
non-poisson disk excpected source count =  1.8533745787762563
non-poisson disk excpected source count =  1.8533745787762563
non-poisson disk excpected source count =  1.8533745787762563
non-poisson disk excpected source count =  1.8533745787762563
non-poisson disk excpected source count =  1.8533745787762563
non-poisson disk excpected source count =  1.8533745787762563
non-poisson disk excpected source count =  1.8533745787762563
non-poisson disk excpected source count =  1.8533745787762563
non-poisson disk excpected source count =  1.8533745787762563
non-poisson disk excpected source count =  1.8533745787762563
non-poisson disk excpected source count =  1.8533745787762563
non-poisson disk excpected source count =  1.8533745787762563
non-poisson disk excpected source count =  1.8533745787762563
non-poisson disk excpected source count =  1.8533745787762563
non-poisson disk excpected source count =  1.8533745787762563
non-poisson disk excpected source count =  1.8533745787762563
non-poisson disk excpected source count =  1.8533745787762563
non-poisson disk excpected source count =  1.8533745787762563
non-poisson disk excpected source count =  1.8533745787762563
non-poisson disk excpected source count =  1.8533745787762563
non-poisson disk excpected source count =  1.8533745787762563
non-poisson disk excpected source count =  1.8533745787762563
non-poisson disk excpected source count =  1.8533745787762563
non-poisson disk excpected source count =  1.8533745787762563
non-poisson disk excpected source count =  1.8533745787762563
non-poisson disk excpected source count =  1.8533745787762563
non-poisson disk excpected source count =  1.8533745787762563
non-poisson disk excpected source count =  1.8533745787762563
non-poisson disk excpected source count =  1.8533745787762563
non-poisson disk excpected source count =  1.8533745787762563
non-poisson disk excpected source count =  1.8533745787762563
non-poisson disk excpected source count =  1.8533745787762563
non-poisson disk excpected source count =  1.8533745787762563
non-poisson disk excpected source count =  1.8533745787762563
non-poisson disk excpected source count =  1.8533745787762563
non-poisson disk excpected source count =  1.8533745787762563
non-poisson disk excpected source count =  1.8533745787762563
non-poisson disk excpected source count =  1.8533745787762563
non-poisson disk excpected source count =  1.8533745787762563
non-poisson disk excpected source count =  1.8533745787762563
non-poisson disk excpected source count =  1.8533745787762563
non-poisson disk excpected source count =  1.8533745787762563
non-poisson disk excpected source count =  1.8533745787762563
non-poisson disk excpected source count =  1.8533745787762563
non-poisson disk excpected source count =  1.8533745787762563
non-poisson disk excpected source count =  1.8533745787762563
non-poisson disk excpected source count =  1.8533745787762563
non-poisson disk excpected source count =  1.8533745787762563
non-poisson disk excpected source count =  1.8533745787762563
non-poisson disk excpected source count =  1.8533745787762563
non-poisson disk excpected source count =  1.8533745787762563
