1 sim_7592.npy
2 sim_2919.npy
3 sim_6475.npy
4 sim_6807.npy
5 sim_5912.npy
6 sim_5560.npy
7 sim_9507.npy
8 sim_9975.npy
9 sim_8892.npy
10 sim_4487.npy
11 sim_8347.npy
12 sim_4320.npy
13 sim_6014.npy
14 sim_7654.npy
15 sim_8081.npy
16 sim_8726.npy
17 sim_4741.npy
18 sim_845.npy
19 sim_437.npy
20 sim_5101.npy
21 sim_9166.npy
22 sim_390.npy
23 sim_9610.npy
24 sim_894.npy
25 sim_5677.npy
26 sim_341.npy
27 sim_1769.npy
28 sim_4037.npy
29 sim_8050.npy
30 sim_4790.npy
31 sim_7122.npy
32 sim_7685.npy
33 sim_6762.npy
34 sim_4824.npy
35 sim_4456.npy
36 sim_1308.npy
37 sim_8431.npy
38 sim_8843.npy
39 sim_8396.npy
40 sim_9271.npy
41 sim_5216.npy
42 sim_720.npy
43 sim_6303.npy
44 sim_7543.npy
45 sim_7931.npy
46 sim_2724.npy
47 sim_2083.npy
48 sim_3164.npy
49 sim_9748.npy
50 sim_219.npy
51 sim_5088.npy
52 sim_1631.npy
53 sim_8108.npy
54 sim_1196.npy
55 sim_74.npy
56 sim_3505.npy
57 sim_3977.npy
58 sim_2345.npy
59 sim_7869.npy
60 sim_2890.npy
61 sim_1250.npy
62 sim_8569.npy
63 sim_1985.npy
64 sim_9329.npy
65 sim_678.npy
66 sim_5438.npy
67 sim_1281.npy
68 sim_1954.npy
69 sim_1526.npy
70 sim_4278.npy
71 sim_2394.npy
72 sim_2433.npy
73 sim_2841.npy
74 sim_3273.npy
75 sim_4619.npy
76 sim_1147.npy
77 sim_9799.npy
78 sim_5059.npy
79 sim_3612.npy
80 sim_2052.npy
81 sim_9909.npy
82 sim_1402.npy
83 sim_1870.npy
84 sim_4889.npy
85 sim_7249.npy
86 sim_2965.npy
87 sim_2517.npy
88 sim_3357.npy
89 sim_6409.npy
90 sim_3882.npy
91 sim_1063.npy
92 sim_839.npy
93 sim_6068.npy
94 sim_3736.npy
95 sim_3091.npy
96 sim_2176.npy
97 sim_7628.npy
98 sim_2600.npy
99 sim_3040.npy
100 sim_1715.npy
101 sim_3386.npy
102 sim_3853.npy
103 sim_3421.npy
104 sim_7298.npy
105 sim_2261.npy
106 sim_4858.npy
107 sim_1374.npy
108 sim_265.npy
109 sim_9093.npy
110 sim_9734.npy
111 sim_5753.npy
112 sim_4113.npy
113 sim_8174.npy
114 sim_7006.npy
115 sim_2758.npy
116 sim_3118.npy
117 sim_6646.npy
118 sim_4572.npy
119 sim_4900.npy
120 sim_8967.npy
121 sim_8515.npy
122 sim_9880.npy
123 sim_604.npy
124 sim_5495.npy
125 sim_9355.npy
126 sim_5332.npy
127 sim_6580.npy
128 sim_6227.npy
129 sim_3579.npy
130 sim_2339.npy
131 sim_7815.npy
132 sim_7467.npy
133 sim_7311.npy
134 sim_6923.npy
135 sim_6551.npy
136 sim_5444.npy
137 sim_5836.npy
138 sim_9851.npy
139 sim_9423.npy
140 sim_9384.npy
141 sim_172.npy
142 sim_8263.npy
143 sim_1928.npy
144 sim_4204.npy
145 sim_6130.npy
146 sim_6697.npy
147 sim_7770.npy
148 sim_2789.npy
149 sim_8602.npy
150 sim_4665.npy
151 sim_5025.npy
152 sim_9042.npy
153 sim_5782.npy
154 sim_513.npy
155 sim_961.npy
156 sim_1877.npy
157 sim_1405.npy
158 sim_5969.npy
159 sim_3885.npy
160 sim_3350.npy
161 sim_2510.npy
162 sim_2962.npy
163 sim_1064.npy
164 sim_7188.npy
165 sim_2171.npy
166 sim_3096.npy
167 sim_3731.npy
168 sim_3047.npy
169 sim_6719.npy
170 sim_7159.npy
171 sim_2607.npy
172 sim_1712.npy
173 sim_2266.npy
174 sim_7538.npy
175 sim_6378.npy
176 sim_3426.npy
177 sim_3854.npy
178 sim_3381.npy
179 sim_1373.npy
180 sim_8838.npy
181 sim_4114.npy
182 sim_8173.npy
183 sim_9733.npy
184 sim_5754.npy
185 sim_9094.npy
186 sim_262.npy
187 sim_6641.npy
188 sim_7001.npy
189 sim_9352.npy
190 sim_5335.npy
191 sim_603.npy
192 sim_9887.npy
193 sim_5492.npy
194 sim_4907.npy
195 sim_4575.npy
196 sim_8512.npy
197 sim_8960.npy
198 sim_7460.npy
199 sim_7812.npy
200 sim_2499.npy
201 sim_6220.npy
202 sim_6587.npy
203 sim_3208.npy
204 sim_6556.npy
205 sim_6924.npy
206 sim_7316.npy
207 sim_2448.npy
208 sim_8264.npy
209 sim_4203.npy
210 sim_175.npy
211 sim_9383.npy
212 sim_5831.npy
213 sim_5443.npy
214 sim_9424.npy
215 sim_9856.npy
216 sim_2029.npy
217 sim_7777.npy
218 sim_6690.npy
219 sim_6137.npy
220 sim_3669.npy
221 sim_5785.npy
222 sim_966.npy
223 sim_514.npy
224 sim_5022.npy
225 sim_9045.npy
226 sim_8605.npy
227 sim_4662.npy
228 sim_6800.npy
229 sim_6472.npy
230 sim_7232.npy
231 sim_7595.npy
232 sim_8340.npy
233 sim_1479.npy
234 sim_4327.npy
235 sim_8895.npy
236 sim_4480.npy
237 sim_5567.npy
238 sim_5915.npy
239 sim_9972.npy
240 sim_9500.npy
241 sim_7653.npy
242 sim_6013.npy
243 sim_5106.npy
244 sim_397.npy
245 sim_9161.npy
246 sim_430.npy
247 sim_842.npy
248 sim_8721.npy
249 sim_4746.npy
250 sim_1018.npy
251 sim_8086.npy
252 sim_4797.npy
253 sim_4030.npy
254 sim_8057.npy
255 sim_346.npy
256 sim_893.npy
257 sim_9617.npy
258 sim_5670.npy
259 sim_6765.npy
260 sim_7682.npy
261 sim_7125.npy
262 sim_727.npy
263 sim_9276.npy
264 sim_5211.npy
265 sim_8391.npy
266 sim_4451.npy
267 sim_4823.npy
268 sim_8844.npy
269 sim_8436.npy
270 sim_7936.npy
271 sim_7544.npy
272 sim_6304.npy
273 sim_3828.npy
274 sim_3163.npy
275 sim_2084.npy
276 sim_2723.npy
277 sim_1191.npy
278 sim_1636.npy
279 sim_4168.npy
280 sim_5728.npy
281 sim_2897.npy
282 sim_2342.npy
283 sim_6989.npy
284 sim_73.npy
285 sim_3970.npy
286 sim_3502.npy
287 sim_9489.npy
288 sim_5349.npy
289 sim_1982.npy
290 sim_4509.npy
291 sim_1257.npy
292 sim_8218.npy
293 sim_1521.npy
294 sim_1953.npy
295 sim_1286.npy
296 sim_9458.npy
297 sim_5398.npy
298 sim_109.npy
299 sim_3274.npy
300 sim_6958.npy
301 sim_2846.npy
302 sim_2434.npy
303 sim_2393.npy
304 sim_9039.npy
305 sim_568.npy
306 sim_8679.npy
307 sim_1140.npy
308 sim_2055.npy
309 sim_3615.npy
310 sim_7995.npy
311 sim_7240.npy
312 sim_6872.npy
313 sim_6400.npy
314 sim_9900.npy
315 sim_9572.npy
316 sim_784.npy
317 sim_5515.npy
318 sim_5967.npy
319 sim_4880.npy
320 sim_8495.npy
321 sim_1879.npy
322 sim_4355.npy
323 sim_8332.npy
324 sim_3098.npy
325 sim_6061.npy
326 sim_7186.npy
327 sim_7621.npy
328 sim_4093.npy
329 sim_4734.npy
330 sim_8753.npy
331 sim_442.npy
332 sim_830.npy
333 sim_9113.npy
334 sim_5174.npy
335 sim_5602.npy
336 sim_493.npy
337 sim_9665.npy
338 sim_334.npy
339 sim_8025.npy
340 sim_4042.npy
341 sim_8782.npy
342 sim_7157.npy
343 sim_2609.npy
344 sim_3049.npy
345 sim_6717.npy
346 sim_8836.npy
347 sim_8444.npy
348 sim_4423.npy
349 sim_4851.npy
350 sim_4384.npy
351 sim_5263.npy
352 sim_9204.npy
353 sim_755.npy
354 sim_6376.npy
355 sim_3428.npy
356 sim_2268.npy
357 sim_7944.npy
358 sim_7536.npy
359 sim_7291.npy
360 sim_2751.npy
361 sim_3111.npy
362 sim_1644.npy
363 sim_3902.npy
364 sim_3570.npy
365 sim_6589.npy
366 sim_2330.npy
367 sim_2497.npy
368 sim_4909.npy
369 sim_1225.npy
370 sim_1582.npy
371 sim_9889.npy
372 sim_9858.npy
373 sim_1553.npy
374 sim_1921.npy
375 sim_7318.npy
376 sim_2834.npy
377 sim_2446.npy
378 sim_3206.npy
379 sim_6558.npy
380 sim_1695.npy
381 sim_1132.npy
382 sim_968.npy
383 sim_6139.npy
384 sim_3667.npy
385 sim_2780.npy
386 sim_2027.npy
387 sim_7779.npy
388 sim_5569.npy
389 sim_1805.npy
390 sim_1477.npy
391 sim_2562.npy
392 sim_2910.npy
393 sim_3322.npy
394 sim_3485.npy
395 sim_4748.npy
396 sim_1016.npy
397 sim_8088.npy
398 sim_399.npy
399 sim_5108.npy
400 sim_3743.npy
401 sim_2103.npy
402 sim_2675.npy
403 sim_3792.npy
404 sim_3035.npy
405 sim_348.npy
406 sim_9619.npy
407 sim_4799.npy
408 sim_8059.npy
409 sim_1760.npy
410 sim_3454.npy
411 sim_3826.npy
412 sim_2214.npy
413 sim_7938.npy
414 sim_8438.npy
415 sim_1301.npy
416 sim_729.npy
417 sim_9278.npy
418 sim_5081.npy
419 sim_210.npy
420 sim_5726.npy
421 sim_9741.npy
422 sim_8101.npy
423 sim_1638.npy
424 sim_4166.npy
425 sim_7073.npy
426 sim_6194.npy
427 sim_6633.npy
428 sim_8560.npy
429 sim_8912.npy
430 sim_4975.npy
431 sim_4507.npy
432 sim_1259.npy
433 sim_5892.npy
434 sim_671.npy
435 sim_9487.npy
436 sim_5347.npy
437 sim_9320.npy
438 sim_6987.npy
439 sim_6252.npy
440 sim_2899.npy
441 sim_7412.npy
442 sim_7860.npy
443 sim_7364.npy
444 sim_2848.npy
445 sim_6524.npy
446 sim_6956.npy
447 sim_6283.npy
448 sim_9456.npy
449 sim_9824.npy
450 sim_5843.npy
451 sim_5431.npy
452 sim_107.npy
453 sim_5396.npy
454 sim_4271.npy
455 sim_8216.npy
456 sim_1288.npy
457 sim_6145.npy
458 sim_7705.npy
459 sim_4610.npy
460 sim_8677.npy
461 sim_9037.npy
462 sim_5050.npy
463 sim_9790.npy
464 sim_914.npy
465 sim_566.npy
466 sim_4489.npy
467 sim_1470.npy
468 sim_1802.npy
469 sim_8349.npy
470 sim_9509.npy
471 sim_3482.npy
472 sim_3325.npy
473 sim_6809.npy
474 sim_2917.npy
475 sim_2565.npy
476 sim_439.npy
477 sim_9168.npy
478 sim_1011.npy
479 sim_8728.npy
480 sim_2104.npy
481 sim_3744.npy
482 sim_3032.npy
483 sim_3795.npy
484 sim_2672.npy
485 sim_1767.npy
486 sim_4039.npy
487 sim_5679.npy
488 sim_2213.npy
489 sim_3821.npy
490 sim_3453.npy
491 sim_5218.npy
492 sim_4458.npy
493 sim_1306.npy
494 sim_8398.npy
495 sim_8106.npy
496 sim_4161.npy
497 sim_1198.npy
498 sim_5721.npy
499 sim_9746.npy
500 sim_5086.npy
501 sim_217.npy
502 sim_6634.npy
503 sim_6193.npy
504 sim_7074.npy
505 sim_5340.npy
506 sim_9327.npy
507 sim_5895.npy
508 sim_9480.npy
509 sim_676.npy
510 sim_8915.npy
511 sim_8567.npy
512 sim_4500.npy
513 sim_4972.npy
514 sim_7867.npy
515 sim_7415.npy
516 sim_6255.npy
517 sim_3979.npy
518 sim_6980.npy
519 sim_6284.npy
520 sim_6951.npy
521 sim_6523.npy
522 sim_7363.npy
523 sim_1528.npy
524 sim_4276.npy
525 sim_8211.npy
526 sim_100.npy
527 sim_5391.npy
528 sim_9823.npy
529 sim_9451.npy
530 sim_5436.npy
531 sim_5844.npy
532 sim_7702.npy
533 sim_6142.npy
534 sim_561.npy
535 sim_913.npy
536 sim_9797.npy
537 sim_9030.npy
538 sim_5057.npy
539 sim_4617.npy
540 sim_1149.npy
541 sim_8670.npy
542 sim_3359.npy
543 sim_6407.npy
544 sim_6875.npy
545 sim_7247.npy
546 sim_2519.npy
547 sim_7992.npy
548 sim_4352.npy
549 sim_8335.npy
550 sim_4887.npy
551 sim_8492.npy
552 sim_783.npy
553 sim_9575.npy
554 sim_9907.npy
555 sim_5960.npy
556 sim_5512.npy
557 sim_2178.npy
558 sim_7626.npy
559 sim_7181.npy
560 sim_6066.npy
561 sim_3738.npy
562 sim_9114.npy
563 sim_5173.npy
564 sim_837.npy
565 sim_445.npy
566 sim_4733.npy
567 sim_8754.npy
568 sim_4094.npy
569 sim_8785.npy
570 sim_8022.npy
571 sim_4045.npy
572 sim_333.npy
573 sim_5605.npy
574 sim_9662.npy
575 sim_494.npy
576 sim_6710.npy
577 sim_7150.npy
578 sim_752.npy
579 sim_5264.npy
580 sim_9203.npy
581 sim_4383.npy
582 sim_8443.npy
583 sim_8831.npy
584 sim_4856.npy
585 sim_4424.npy
586 sim_7296.npy
587 sim_7531.npy
588 sim_7943.npy
589 sim_3388.npy
590 sim_6371.npy
591 sim_3116.npy
592 sim_6648.npy
593 sim_7008.npy
594 sim_2756.npy
595 sim_1643.npy
596 sim_2490.npy
597 sim_2337.npy
598 sim_7469.npy
599 sim_6229.npy
600 sim_3577.npy
601 sim_3905.npy
602 sim_1585.npy
603 sim_8969.npy
604 sim_1222.npy
605 sim_1926.npy
606 sim_1554.npy
607 sim_5838.npy
608 sim_3201.npy
609 sim_2441.npy
610 sim_2833.npy
611 sim_1135.npy
612 sim_1692.npy
613 sim_2020.npy
614 sim_2787.npy
615 sim_3660.npy
616 sim_6699.npy
617 sim_2581.npy
618 sim_7578.npy
619 sim_2226.npy
620 sim_3814.npy
621 sim_3466.npy
622 sim_6338.npy
623 sim_1494.npy
624 sim_1333.npy
625 sim_8878.npy
626 sim_6759.npy
627 sim_3007.npy
628 sim_2647.npy
629 sim_7119.npy
630 sim_1752.npy
631 sim_1024.npy
632 sim_1783.npy
633 sim_2131.npy
634 sim_2696.npy
635 sim_3771.npy
636 sim_6788.npy
637 sim_1445.npy
638 sim_1837.npy
639 sim_5929.npy
640 sim_3310.npy
641 sim_2922.npy
642 sim_2550.npy
643 sim_7737.npy
644 sim_2069.npy
645 sim_7090.npy
646 sim_3629.npy
647 sim_6177.npy
648 sim_5062.npy
649 sim_9005.npy
650 sim_554.npy
651 sim_926.npy
652 sim_8645.npy
653 sim_4622.npy
654 sim_4185.npy
655 sim_6964.npy
656 sim_6516.npy
657 sim_3248.npy
658 sim_2408.npy
659 sim_7356.npy
660 sim_7883.npy
661 sim_8224.npy
662 sim_4243.npy
663 sim_8583.npy
664 sim_4996.npy
665 sim_5403.npy
666 sim_5871.npy
667 sim_9816.npy
668 sim_9464.npy
669 sim_692.npy
670 sim_135.npy
671 sim_643.npy
672 sim_9312.npy
673 sim_5375.npy
674 sim_4292.npy
675 sim_4535.npy
676 sim_4947.npy
677 sim_8920.npy
678 sim_8552.npy
679 sim_7387.npy
680 sim_7852.npy
681 sim_7420.npy
682 sim_3299.npy
683 sim_6260.npy
684 sim_8694.npy
685 sim_4154.npy
686 sim_8133.npy
687 sim_222.npy
688 sim_585.npy
689 sim_9773.npy
690 sim_5714.npy
691 sim_6601.npy
692 sim_7041.npy
693 sim_9236.npy
694 sim_5251.npy
695 sim_767.npy
696 sim_9591.npy
697 sim_5984.npy
698 sim_4863.npy
699 sim_4411.npy
700 sim_8476.npy
701 sim_8804.npy
702 sim_7504.npy
703 sim_7976.npy
704 sim_3868.npy
705 sim_6344.npy
706 sim_6891.npy
707 sim_4070.npy
708 sim_8017.npy
709 sim_1089.npy
710 sim_9657.npy
711 sim_5630.npy
712 sim_306.npy
713 sim_5197.npy
714 sim_6725.npy
715 sim_6082.npy
716 sim_7165.npy
717 sim_7613.npy
718 sim_6053.npy
719 sim_9686.npy
720 sim_802.npy
721 sim_470.npy
722 sim_5146.npy
723 sim_9121.npy
724 sim_8761.npy
725 sim_1058.npy
726 sim_4706.npy
727 sim_6395.npy
728 sim_6432.npy
729 sim_6840.npy
730 sim_7272.npy
731 sim_8300.npy
732 sim_4367.npy
733 sim_1439.npy
734 sim_5280.npy
735 sim_5955.npy
736 sim_5527.npy
737 sim_9540.npy
738 sim_9932.npy
739 sim_528.npy
740 sim_9079.npy
741 sim_8639.npy
742 sim_1100.npy
743 sim_2015.npy
744 sim_3655.npy
745 sim_4598.npy
746 sim_8258.npy
747 sim_1913.npy
748 sim_1561.npy
749 sim_149.npy
750 sim_9418.npy
751 sim_3593.npy
752 sim_6918.npy
753 sim_3234.npy
754 sim_2474.npy
755 sim_2806.npy
756 sim_2302.npy
757 sim_33.npy
758 sim_3542.npy
759 sim_3930.npy
760 sim_198.npy
761 sim_5309.npy
762 sim_1217.npy
763 sim_4549.npy
764 sim_8289.npy
765 sim_3123.npy
766 sim_3684.npy
767 sim_2763.npy
768 sim_4128.npy
769 sim_1676.npy
770 sim_5768.npy
771 sim_1348.npy
772 sim_4416.npy
773 sim_4864.npy
774 sim_8803.npy
775 sim_8471.npy
776 sim_9596.npy
777 sim_760.npy
778 sim_5983.npy
779 sim_9231.npy
780 sim_5256.npy
781 sim_6896.npy
782 sim_6343.npy
783 sim_2988.npy
784 sim_7971.npy
785 sim_7503.npy
786 sim_301.npy
787 sim_5190.npy
788 sim_9650.npy
789 sim_5637.npy
790 sim_4077.npy
791 sim_1729.npy
792 sim_8010.npy
793 sim_7162.npy
794 sim_6085.npy
795 sim_6722.npy
796 sim_6054.npy
797 sim_7614.npy
798 sim_8766.npy
799 sim_4701.npy
800 sim_5141.npy
801 sim_9126.npy
802 sim_477.npy
803 sim_805.npy
804 sim_9681.npy
805 sim_2959.npy
806 sim_7275.npy
807 sim_6847.npy
808 sim_6435.npy
809 sim_6392.npy
810 sim_5520.npy
811 sim_5952.npy
812 sim_9935.npy
813 sim_9547.npy
814 sim_5287.npy
815 sim_8307.npy
816 sim_4360.npy
817 sim_1399.npy
818 sim_1107.npy
819 sim_4659.npy
820 sim_8199.npy
821 sim_5019.npy
822 sim_288.npy
823 sim_3652.npy
824 sim_2012.npy
825 sim_5478.npy
826 sim_4238.npy
827 sim_1566.npy
828 sim_1914.npy
829 sim_2801.npy
830 sim_2473.npy
831 sim_3233.npy
832 sim_3594.npy
833 sim_34.npy
834 sim_3937.npy
835 sim_3545.npy
836 sim_7829.npy
837 sim_2305.npy
838 sim_1210.npy
839 sim_8529.npy
840 sim_638.npy
841 sim_9369.npy
842 sim_2764.npy
843 sim_3683.npy
844 sim_3124.npy
845 sim_259.npy
846 sim_9708.npy
847 sim_4688.npy
848 sim_1671.npy
849 sim_8148.npy
850 sim_3461.npy
851 sim_3813.npy
852 sim_6498.npy
853 sim_2221.npy
854 sim_2586.npy
855 sim_1334.npy
856 sim_4818.npy
857 sim_1493.npy
858 sim_9998.npy
859 sim_2640.npy
860 sim_3000.npy
861 sim_1755.npy
862 sim_1784.npy
863 sim_1023.npy
864 sim_879.npy
865 sim_3776.npy
866 sim_6028.npy
867 sim_2691.npy
868 sim_7668.npy
869 sim_2136.npy
870 sim_9949.npy
871 sim_1830.npy
872 sim_1442.npy
873 sim_2557.npy
874 sim_2925.npy
875 sim_7209.npy
876 sim_6449.npy
877 sim_3317.npy
878 sim_3189.npy
879 sim_6170.npy
880 sim_7097.npy
881 sim_7730.npy
882 sim_4182.npy
883 sim_8642.npy
884 sim_4625.npy
885 sim_921.npy
886 sim_553.npy
887 sim_5065.npy
888 sim_9002.npy
889 sim_7884.npy
890 sim_7351.npy
891 sim_99.npy
892 sim_6511.npy
893 sim_6963.npy
894 sim_132.npy
895 sim_5876.npy
896 sim_5404.npy
897 sim_695.npy
898 sim_9463.npy
899 sim_9811.npy
900 sim_8584.npy
901 sim_4991.npy
902 sim_8223.npy
903 sim_4244.npy
904 sim_1968.npy
905 sim_4940.npy
906 sim_4532.npy
907 sim_8555.npy
908 sim_8927.npy
909 sim_4295.npy
910 sim_9315.npy
911 sim_5372.npy
912 sim_644.npy
913 sim_48.npy
914 sim_3539.npy
915 sim_6267.npy
916 sim_7427.npy
917 sim_7855.npy
918 sim_2379.npy
919 sim_7380.npy
920 sim_9774.npy
921 sim_582.npy
922 sim_5713.npy
923 sim_225.npy
924 sim_4153.npy
925 sim_8134.npy
926 sim_8693.npy
927 sim_2718.npy
928 sim_7046.npy
929 sim_6606.npy
930 sim_3158.npy
931 sim_2986.npy
932 sim_2253.npy
933 sim_6898.npy
934 sim_3413.npy
935 sim_3861.npy
936 sim_9598.npy
937 sim_5258.npy
938 sim_1893.npy
939 sim_1346.npy
940 sim_4418.npy
941 sim_3072.npy
942 sim_2195.npy
943 sim_2632.npy
944 sim_1080.npy
945 sim_4079.npy
946 sim_1727.npy
947 sim_5639.npy
948 sim_9128.npy
949 sim_479.npy
950 sim_1051.npy
951 sim_8768.npy
952 sim_2144.npy
953 sim_3704.npy
954 sim_1842.npy
955 sim_1430.npy
956 sim_8309.npy
957 sim_1397.npy
958 sim_9549.npy
959 sim_5289.npy
960 sim_6849.npy
961 sim_3365.npy
962 sim_2525.npy
963 sim_2957.npy
964 sim_2282.npy
965 sim_7742.npy
966 sim_6102.npy
967 sim_9070.npy
968 sim_286.npy
969 sim_5017.npy
970 sim_953.npy
971 sim_521.npy
972 sim_1109.npy
973 sim_4657.npy
